<?xml version="1.0" encoding="UTF-8"?>
<robot generator="Robot 6.0.1 (Python 3.11.0 on win32)" generated="20221227 02:32:59.673" rpa="false" schemaversion="3">
<suite id="s1" name="Login" source="C:\Users\NibrazKhan\Desktop\Python API Automation\DmoneyAPIAutomation\login">
<suite id="s1-s1" name="TC 01 Successful Login" source="C:\Users\NibrazKhan\Desktop\Python API Automation\DmoneyAPIAutomation\login\TC_01_Successful_Login.robot">
<test id="s1-s1-t1" name="TC1: Successful Login With Valid Credentials" line="12">
<kw name="Create Session" library="RequestsLibrary">
<arg>mysession</arg>
<arg>${base_url}</arg>
<doc>Create Session: create a HTTP session to a server</doc>
<msg timestamp="20221227 02:32:59.921" level="INFO">Creating Session using : alias=mysession, url=http://dmoney.roadtocareer.net, headers={},                     cookies={}, auth=None, timeout=None, proxies=None, verify=False,                     debug=0 </msg>
<status status="PASS" starttime="20221227 02:32:59.921" endtime="20221227 02:32:59.921"/>
</kw>
<kw name="Create Dictionary" library="BuiltIn">
<var>${body}</var>
<arg>email=salman@roadtocareer.net</arg>
<arg>password=1234</arg>
<doc>Creates and returns a dictionary based on the given ``items``.</doc>
<msg timestamp="20221227 02:32:59.922" level="INFO">${body} = {'email': 'salman@roadtocareer.net', 'password': '1234'}</msg>
<status status="PASS" starttime="20221227 02:32:59.922" endtime="20221227 02:32:59.922"/>
</kw>
<kw name="Create Dictionary" library="BuiltIn">
<var>${header}</var>
<arg>Content-Type=application/json; charset=utf-8</arg>
<doc>Creates and returns a dictionary based on the given ``items``.</doc>
<msg timestamp="20221227 02:32:59.922" level="INFO">${header} = {'Content-Type': 'application/json; charset=utf-8'}</msg>
<status status="PASS" starttime="20221227 02:32:59.922" endtime="20221227 02:32:59.922"/>
</kw>
<kw name="POST On Session" library="RequestsLibrary">
<var>${response}</var>
<arg>mysession</arg>
<arg>/user/login</arg>
<arg>json=${body}</arg>
<arg>headers=${header}</arg>
<doc>Sends a POST request on a previously created HTTP Session.</doc>
<msg timestamp="20221227 02:32:59.959" level="INFO">POST Request : url=http://dmoney.roadtocareer.net/user/login 
 path_url=/user/login 
 headers={'User-Agent': 'python-requests/2.28.1', 'Accept-Encoding': 'gzip, deflate', 'Accept': '*/*', 'Connection': 'keep-alive', 'Content-Type': 'application/json; charset=utf-8', 'Content-Length': '56'} 
 body=b'{"email": "salman@roadtocareer.net", "password": "1234"}' 
 </msg>
<msg timestamp="20221227 02:32:59.959" level="INFO">POST Response : url=http://dmoney.roadtocareer.net/user/login 
 status=200, reason=OK 
 headers={'Date': 'Mon, 26 Dec 2022 20:33:02 GMT', 'Server': 'Apache', 'X-Powered-By': 'Express, Phusion Passenger(R) 6.0.15', 'ETag': 'W/"f0-9v+G1WEOCraCB8mck87osSdxj0M"', 'Content-Length': '240', 'Status': '200 OK', 'Keep-Alive': 'timeout=5, max=100', 'Connection': 'Keep-Alive', 'Content-Type': 'application/json; charset=utf-8'} 
 body={"message":"Login successfully","token":"eyJhbGciOiJIUzI1NiIsInR5cCI6IkpXVCJ9.eyJlbWFpbCI6InNhbG1hbkByb2FkdG9jYXJlZXIubmV0IiwicGFzc3dvcmQiOiIxMjM0IiwiaWF0IjoxNjcyMDg2NzgyLCJleHAiOjE2NzIwODg1ODJ9.xVlgHzGNEEDrjcukOzaPoEQz5JnO7QAcPEqtn0-Z2LA"} 
 </msg>
<msg timestamp="20221227 02:32:59.959" level="INFO">${response} = &lt;Response [200]&gt;</msg>
<status status="PASS" starttime="20221227 02:32:59.922" endtime="20221227 02:32:59.959"/>
</kw>
<kw name="Get Value From Json" library="JSONLibrary">
<var>${message}</var>
<arg>${response.json()}</arg>
<arg>message</arg>
<doc>Get Value From JSON using JSONPath</doc>
<msg timestamp="20221227 02:32:59.990" level="INFO">${message} = ['Login successfully']</msg>
<status status="PASS" starttime="20221227 02:32:59.960" endtime="20221227 02:32:59.990"/>
</kw>
<kw name="Log To Console" library="BuiltIn">
<arg>${message[0]}</arg>
<doc>Logs the given message to the console.</doc>
<status status="PASS" starttime="20221227 02:32:59.991" endtime="20221227 02:32:59.991"/>
</kw>
<kw name="Evaluate" library="BuiltIn">
<var>${json_response}</var>
<arg>json.loads("""${response.content}""")</arg>
<arg>json</arg>
<doc>Evaluates the given expression in Python and returns the result.</doc>
<msg timestamp="20221227 02:32:59.992" level="INFO">${json_response} = {'message': 'Login successfully', 'token': 'eyJhbGciOiJIUzI1NiIsInR5cCI6IkpXVCJ9.eyJlbWFpbCI6InNhbG1hbkByb2FkdG9jYXJlZXIubmV0IiwicGFzc3dvcmQiOiIxMjM0IiwiaWF0IjoxNjcyMDg2NzgyLCJleHAiOjE2NzIwODg1ODJ9.xV...</msg>
<status status="PASS" starttime="20221227 02:32:59.991" endtime="20221227 02:32:59.992"/>
</kw>
<kw name="Get From Dictionary" library="Collections">
<var>${token_response}</var>
<arg>${json_response}</arg>
<arg>token</arg>
<doc>Returns a value from the given ``dictionary`` based on the given ``key``.</doc>
<msg timestamp="20221227 02:32:59.992" level="INFO">${token_response} = eyJhbGciOiJIUzI1NiIsInR5cCI6IkpXVCJ9.eyJlbWFpbCI6InNhbG1hbkByb2FkdG9jYXJlZXIubmV0IiwicGFzc3dvcmQiOiIxMjM0IiwiaWF0IjoxNjcyMDg2NzgyLCJleHAiOjE2NzIwODg1ODJ9.xVlgHzGNEEDrjcukOzaPoEQz5JnO7QAcPEqtn0-Z2LA</msg>
<status status="PASS" starttime="20221227 02:32:59.992" endtime="20221227 02:32:59.992"/>
</kw>
<kw name="Set Suite Variable" library="BuiltIn">
<arg>${token}</arg>
<arg>${token_response}</arg>
<doc>Makes a variable available everywhere within the scope of the current suite.</doc>
<msg timestamp="20221227 02:32:59.993" level="INFO">${token} = eyJhbGciOiJIUzI1NiIsInR5cCI6IkpXVCJ9.eyJlbWFpbCI6InNhbG1hbkByb2FkdG9jYXJlZXIubmV0IiwicGFzc3dvcmQiOiIxMjM0IiwiaWF0IjoxNjcyMDg2NzgyLCJleHAiOjE2NzIwODg1ODJ9.xVlgHzGNEEDrjcukOzaPoEQz5JnO7QAcPEqtn0-Z2LA</msg>
<status status="PASS" starttime="20221227 02:32:59.993" endtime="20221227 02:32:59.993"/>
</kw>
<kw name="Log To Console" library="BuiltIn">
<arg>\nToken:\n${token}</arg>
<doc>Logs the given message to the console.</doc>
<status status="PASS" starttime="20221227 02:32:59.993" endtime="20221227 02:32:59.994"/>
</kw>
<kw name="Load Json From File" library="JSONLibrary">
<var>${json_obj}</var>
<arg>${json_file_path}</arg>
<doc>Load JSON from file.</doc>
<msg timestamp="20221227 02:32:59.998" level="INFO">${json_obj} = {'token': 'eyJhbGciOiJIUzI1NiIsInR5cCI6IkpXVCJ9.eyJlbWFpbCI6InNhbG1hbkBncnIubGEiLCJwYXNzd29yZCI6IjEyMzQiLCJpYXQiOjE2NzAzNTc3MDYsImV4cCI6MTY3MDM1OTUwNn0.kdk_Jfbxzp382hC-xAQpdhAOlzhLeJbSRw3qNwAYZ2U', 'c...</msg>
<status status="PASS" starttime="20221227 02:32:59.994" endtime="20221227 02:32:59.998"/>
</kw>
<kw name="Set To Dictionary" library="Collections">
<arg>${json_obj}</arg>
<arg>token=${token}</arg>
<doc>Adds the given ``key_value_pairs`` and ``items`` to the ``dictionary``.</doc>
<status status="PASS" starttime="20221227 02:32:59.998" endtime="20221227 02:32:59.999"/>
</kw>
<kw name="Dump Json To File" library="JSONLibrary">
<arg>${json_file_path}</arg>
<arg>${json_obj}</arg>
<doc>Dump JSON to file</doc>
<status status="PASS" starttime="20221227 02:32:59.999" endtime="20221227 02:32:59.999"/>
</kw>
<kw name="Should Be Equal As Strings" library="BuiltIn">
<arg>${message[0]}</arg>
<arg>Login successfully</arg>
<doc>Fails if objects are unequal after converting them to strings.</doc>
<status status="PASS" starttime="20221227 02:33:00.000" endtime="20221227 02:33:00.000"/>
</kw>
<kw name="Should Be Equal As Strings" library="BuiltIn">
<arg>${response.status_code}</arg>
<arg>200</arg>
<doc>Fails if objects are unequal after converting them to strings.</doc>
<msg timestamp="20221227 02:33:00.001" level="INFO">Argument types are:
&lt;class 'int'&gt;
&lt;class 'str'&gt;</msg>
<status status="PASS" starttime="20221227 02:33:00.000" endtime="20221227 02:33:00.001"/>
</kw>
<status status="PASS" starttime="20221227 02:32:59.920" endtime="20221227 02:33:00.001"/>
</test>
<status status="PASS" starttime="20221227 02:32:59.693" endtime="20221227 02:33:00.001"/>
</suite>
<status status="PASS" starttime="20221227 02:32:59.674" endtime="20221227 02:33:00.002"/>
</suite>
<statistics>
<total>
<stat pass="1" fail="0" skip="0">All Tests</stat>
</total>
<tag>
</tag>
<suite>
<stat pass="1" fail="0" skip="0" id="s1" name="Login">Login</stat>
<stat pass="1" fail="0" skip="0" id="s1-s1" name="TC 01 Successful Login">Login.TC 01 Successful Login</stat>
</suite>
</statistics>
<errors>
</errors>
</robot>
