<?xml version="1.0" encoding="UTF-8"?>
<robot generator="Robot 6.0.1 (Python 3.11.0 on win32)" generated="20221229 05:25:38.270" rpa="false" schemaversion="3">
<suite id="s1" name="TC 01 Unsuccessful Login Wrong Email And Password" source="C:\Users\NibrazKhan\Desktop\Python Batch -1\Dmoney API Automation\Robot_Dmoney_API_Testing\Req_1\Login\TC_01_Unsuccessful_Login_Wrong_Email_And_Password.robot">
<test id="s1-t1" name="TC1: UnSuccessful Login With InValid Credentials" line="12">
<kw name="Create Session" library="RequestsLibrary">
<arg>mysession</arg>
<arg>${base_url}</arg>
<doc>Create Session: create a HTTP session to a server</doc>
<msg timestamp="20221229 05:25:38.405" level="INFO">Creating Session using : alias=mysession, url=http://dmoney.roadtocareer.net, headers={},                     cookies={}, auth=None, timeout=None, proxies=None, verify=False,                     debug=0 </msg>
<status status="PASS" starttime="20221229 05:25:38.405" endtime="20221229 05:25:38.405"/>
</kw>
<kw name="Create Dictionary" library="BuiltIn">
<var>${body}</var>
<arg>email=wrong@roadtocareer.net</arg>
<arg>password=wrong password</arg>
<doc>Creates and returns a dictionary based on the given ``items``.</doc>
<msg timestamp="20221229 05:25:38.406" level="INFO">${body} = {'email': 'wrong@roadtocareer.net', 'password': 'wrong password'}</msg>
<status status="PASS" starttime="20221229 05:25:38.405" endtime="20221229 05:25:38.406"/>
</kw>
<kw name="Create Dictionary" library="BuiltIn">
<var>${header}</var>
<arg>Content-Type=application/json; charset=utf-8</arg>
<doc>Creates and returns a dictionary based on the given ``items``.</doc>
<msg timestamp="20221229 05:25:38.406" level="INFO">${header} = {'Content-Type': 'application/json; charset=utf-8'}</msg>
<status status="PASS" starttime="20221229 05:25:38.406" endtime="20221229 05:25:38.406"/>
</kw>
<kw name="Run Keyword And Expect Error" library="BuiltIn">
<var>${response}</var>
<arg>*</arg>
<arg>POST On Session</arg>
<arg>mysession</arg>
<arg>/user/login</arg>
<arg>json=${body}</arg>
<arg>headers=${header}</arg>
<doc>Runs the keyword and checks that the expected error occurred.</doc>
<kw name="POST On Session" library="RequestsLibrary">
<arg>mysession</arg>
<arg>/user/login</arg>
<arg>json=${body}</arg>
<arg>headers=${header}</arg>
<doc>Sends a POST request on a previously created HTTP Session.</doc>
<msg timestamp="20221229 05:25:38.435" level="INFO">POST Request : url=http://dmoney.roadtocareer.net/user/login 
 path_url=/user/login 
 headers={'User-Agent': 'python-requests/2.28.1', 'Accept-Encoding': 'gzip, deflate', 'Accept': '*/*', 'Connection': 'keep-alive', 'Content-Type': 'application/json; charset=utf-8', 'Content-Length': '65'} 
 body=b'{"email": "wrong@roadtocareer.net", "password": "wrong password"}' 
 </msg>
<msg timestamp="20221229 05:25:38.435" level="INFO">POST Response : url=http://dmoney.roadtocareer.net/user/login 
 status=404, reason=Not Found 
 headers={'Date': 'Wed, 28 Dec 2022 23:25:38 GMT', 'Server': 'Apache', 'X-Powered-By': 'Express, Phusion Passenger(R) 6.0.15', 'ETag': 'W/"1c-ZEVVcvtFhxKX/QUvVKqKxwGbbNA"', 'Content-Length': '28', 'Status': '404 Not Found', 'Keep-Alive': 'timeout=5, max=100', 'Connection': 'Keep-Alive', 'Content-Type': 'application/json; charset=utf-8'} 
 body={"message":"User not found"} 
 </msg>
<msg timestamp="20221229 05:25:38.435" level="FAIL">HTTPError: 404 Client Error: Not Found for url: http://dmoney.roadtocareer.net/user/login</msg>
<status status="FAIL" starttime="20221229 05:25:38.406" endtime="20221229 05:25:38.437"/>
</kw>
<msg timestamp="20221229 05:25:38.437" level="INFO">${response} = HTTPError: 404 Client Error: Not Found for url: http://dmoney.roadtocareer.net/user/login</msg>
<status status="PASS" starttime="20221229 05:25:38.406" endtime="20221229 05:25:38.437"/>
</kw>
<kw name="Log To Console" library="BuiltIn">
<arg>Response: ${response}</arg>
<doc>Logs the given message to the console.</doc>
<status status="PASS" starttime="20221229 05:25:38.437" endtime="20221229 05:25:38.437"/>
</kw>
<kw name="Evaluate" library="BuiltIn">
<var>${type}</var>
<arg>type($response)</arg>
<doc>Evaluates the given expression in Python and returns the result.</doc>
<msg timestamp="20221229 05:25:38.438" level="INFO">${type} = &lt;class 'str'&gt;</msg>
<status status="PASS" starttime="20221229 05:25:38.438" endtime="20221229 05:25:38.438"/>
</kw>
<kw name="Log To Console" library="BuiltIn">
<arg>${type}</arg>
<doc>Logs the given message to the console.</doc>
<status status="PASS" starttime="20221229 05:25:38.438" endtime="20221229 05:25:38.438"/>
</kw>
<kw name="Should Contain" library="BuiltIn">
<arg>${response}</arg>
<arg>404</arg>
<doc>Fails if ``container`` does not contain ``item`` one or more times.</doc>
<status status="PASS" starttime="20221229 05:25:38.438" endtime="20221229 05:25:38.439"/>
</kw>
<status status="PASS" starttime="20221229 05:25:38.405" endtime="20221229 05:25:38.439"/>
</test>
<status status="PASS" starttime="20221229 05:25:38.271" endtime="20221229 05:25:38.439"/>
</suite>
<statistics>
<total>
<stat pass="1" fail="0" skip="0">All Tests</stat>
</total>
<tag>
</tag>
<suite>
<stat pass="1" fail="0" skip="0" id="s1" name="TC 01 Unsuccessful Login Wrong Email And Password">TC 01 Unsuccessful Login Wrong Email And Password</stat>
</suite>
</statistics>
<errors>
</errors>
</robot>
